{"/Users/teemu/CodeProjects/FullStackOpen2020/Osa_5_blog_frontend/src/App.js": {"path":"/Users/teemu/CodeProjects/FullStackOpen2020/Osa_5_blog_frontend/src/App.js","statementMap":{"0":{"start":{"line":10,"column":12},"end":{"line":183,"column":1}},"1":{"start":{"line":11,"column":23},"end":{"line":11,"column":25}},"2":{"start":{"line":12,"column":28},"end":{"line":12,"column":40}},"3":{"start":{"line":13,"column":42},"end":{"line":13,"column":56}},"4":{"start":{"line":14,"column":32},"end":{"line":14,"column":46}},"5":{"start":{"line":15,"column":34},"end":{"line":15,"column":56}},"6":{"start":{"line":16,"column":34},"end":{"line":16,"column":56}},"7":{"start":{"line":17,"column":26},"end":{"line":17,"column":40}},"8":{"start":{"line":18,"column":21},"end":{"line":18,"column":29}},"9":{"start":{"line":20,"column":2},"end":{"line":22,"column":13}},"10":{"start":{"line":21,"column":4},"end":{"line":21,"column":58}},"11":{"start":{"line":21,"column":41},"end":{"line":21,"column":56}},"12":{"start":{"line":24,"column":2},"end":{"line":31,"column":9}},"13":{"start":{"line":25,"column":27},"end":{"line":25,"column":75}},"14":{"start":{"line":26,"column":4},"end":{"line":30,"column":5}},"15":{"start":{"line":27,"column":19},"end":{"line":27,"column":45}},"16":{"start":{"line":28,"column":6},"end":{"line":28,"column":20}},"17":{"start":{"line":29,"column":6},"end":{"line":29,"column":39}},"18":{"start":{"line":33,"column":22},"end":{"line":51,"column":3}},"19":{"start":{"line":34,"column":4},"end":{"line":34,"column":27}},"20":{"start":{"line":35,"column":4},"end":{"line":50,"column":5}},"21":{"start":{"line":36,"column":19},"end":{"line":39,"column":8}},"22":{"start":{"line":40,"column":6},"end":{"line":40,"column":77}},"23":{"start":{"line":41,"column":6},"end":{"line":41,"column":39}},"24":{"start":{"line":42,"column":6},"end":{"line":42,"column":20}},"25":{"start":{"line":43,"column":6},"end":{"line":43,"column":32}},"26":{"start":{"line":44,"column":6},"end":{"line":44,"column":32}},"27":{"start":{"line":46,"column":6},"end":{"line":46,"column":53}},"28":{"start":{"line":47,"column":6},"end":{"line":49,"column":15}},"29":{"start":{"line":48,"column":8},"end":{"line":48,"column":30}},"30":{"start":{"line":53,"column":23},"end":{"line":60,"column":3}},"31":{"start":{"line":54,"column":4},"end":{"line":54,"column":18}},"32":{"start":{"line":55,"column":4},"end":{"line":55,"column":30}},"33":{"start":{"line":56,"column":4},"end":{"line":56,"column":30}},"34":{"start":{"line":57,"column":4},"end":{"line":57,"column":56}},"35":{"start":{"line":58,"column":4},"end":{"line":58,"column":58}},"36":{"start":{"line":58,"column":41},"end":{"line":58,"column":56}},"37":{"start":{"line":59,"column":4},"end":{"line":59,"column":22}},"38":{"start":{"line":62,"column":18},"end":{"line":80,"column":3}},"39":{"start":{"line":63,"column":4},"end":{"line":63,"column":42}},"40":{"start":{"line":64,"column":4},"end":{"line":79,"column":9}},"41":{"start":{"line":67,"column":8},"end":{"line":67,"column":39}},"42":{"start":{"line":68,"column":8},"end":{"line":68,"column":52}},"43":{"start":{"line":69,"column":8},"end":{"line":71,"column":17}},"44":{"start":{"line":70,"column":10},"end":{"line":70,"column":27}},"45":{"start":{"line":74,"column":8},"end":{"line":74,"column":47}},"46":{"start":{"line":75,"column":8},"end":{"line":75,"column":51}},"47":{"start":{"line":76,"column":8},"end":{"line":78,"column":17}},"48":{"start":{"line":77,"column":10},"end":{"line":77,"column":32}},"49":{"start":{"line":82,"column":19},"end":{"line":100,"column":3}},"50":{"start":{"line":83,"column":4},"end":{"line":99,"column":9}},"51":{"start":{"line":86,"column":8},"end":{"line":86,"column":74}},"52":{"start":{"line":86,"column":38},"end":{"line":86,"column":70}},"53":{"start":{"line":87,"column":8},"end":{"line":87,"column":30}},"54":{"start":{"line":88,"column":8},"end":{"line":88,"column":53}},"55":{"start":{"line":89,"column":8},"end":{"line":91,"column":17}},"56":{"start":{"line":90,"column":10},"end":{"line":90,"column":27}},"57":{"start":{"line":94,"column":8},"end":{"line":94,"column":47}},"58":{"start":{"line":95,"column":8},"end":{"line":95,"column":51}},"59":{"start":{"line":96,"column":8},"end":{"line":98,"column":17}},"60":{"start":{"line":97,"column":10},"end":{"line":97,"column":32}},"61":{"start":{"line":102,"column":18},"end":{"line":124,"column":3}},"62":{"start":{"line":103,"column":4},"end":{"line":123,"column":5}},"63":{"start":{"line":106,"column":6},"end":{"line":122,"column":11}},"64":{"start":{"line":109,"column":10},"end":{"line":109,"column":66}},"65":{"start":{"line":110,"column":10},"end":{"line":112,"column":19}},"66":{"start":{"line":111,"column":12},"end":{"line":111,"column":29}},"67":{"start":{"line":113,"column":10},"end":{"line":113,"column":53}},"68":{"start":{"line":113,"column":39},"end":{"line":113,"column":50}},"69":{"start":{"line":116,"column":10},"end":{"line":116,"column":49}},"70":{"start":{"line":117,"column":10},"end":{"line":117,"column":53}},"71":{"start":{"line":118,"column":10},"end":{"line":120,"column":19}},"72":{"start":{"line":119,"column":12},"end":{"line":119,"column":34}},"73":{"start":{"line":121,"column":10},"end":{"line":121,"column":53}},"74":{"start":{"line":121,"column":39},"end":{"line":121,"column":50}},"75":{"start":{"line":126,"column":20},"end":{"line":138,"column":3}},"76":{"start":{"line":127,"column":4},"end":{"line":137,"column":10}},"77":{"start":{"line":140,"column":19},"end":{"line":148,"column":3}},"78":{"start":{"line":141,"column":4},"end":{"line":147,"column":10}},"79":{"start":{"line":150,"column":22},"end":{"line":152,"column":4}},"80":{"start":{"line":151,"column":4},"end":{"line":151,"column":29}},"81":{"start":{"line":154,"column":2},"end":{"line":182,"column":4}},"82":{"start":{"line":172,"column":10},"end":{"line":178,"column":12}}},"fnMap":{"0":{"name":"(anonymous_0)","decl":{"start":{"line":10,"column":12},"end":{"line":10,"column":13}},"loc":{"start":{"line":10,"column":18},"end":{"line":183,"column":1}},"line":10},"1":{"name":"(anonymous_1)","decl":{"start":{"line":20,"column":12},"end":{"line":20,"column":13}},"loc":{"start":{"line":20,"column":18},"end":{"line":22,"column":3}},"line":20},"2":{"name":"(anonymous_2)","decl":{"start":{"line":21,"column":30},"end":{"line":21,"column":31}},"loc":{"start":{"line":21,"column":41},"end":{"line":21,"column":56}},"line":21},"3":{"name":"(anonymous_3)","decl":{"start":{"line":24,"column":12},"end":{"line":24,"column":13}},"loc":{"start":{"line":24,"column":18},"end":{"line":31,"column":3}},"line":24},"4":{"name":"(anonymous_4)","decl":{"start":{"line":33,"column":22},"end":{"line":33,"column":23}},"loc":{"start":{"line":33,"column":39},"end":{"line":51,"column":3}},"line":33},"5":{"name":"(anonymous_5)","decl":{"start":{"line":47,"column":17},"end":{"line":47,"column":18}},"loc":{"start":{"line":47,"column":23},"end":{"line":49,"column":7}},"line":47},"6":{"name":"(anonymous_6)","decl":{"start":{"line":53,"column":23},"end":{"line":53,"column":24}},"loc":{"start":{"line":53,"column":29},"end":{"line":60,"column":3}},"line":53},"7":{"name":"(anonymous_7)","decl":{"start":{"line":58,"column":30},"end":{"line":58,"column":31}},"loc":{"start":{"line":58,"column":41},"end":{"line":58,"column":56}},"line":58},"8":{"name":"(anonymous_8)","decl":{"start":{"line":62,"column":18},"end":{"line":62,"column":19}},"loc":{"start":{"line":62,"column":33},"end":{"line":80,"column":3}},"line":62},"9":{"name":"(anonymous_9)","decl":{"start":{"line":66,"column":12},"end":{"line":66,"column":13}},"loc":{"start":{"line":66,"column":26},"end":{"line":72,"column":7}},"line":66},"10":{"name":"(anonymous_10)","decl":{"start":{"line":69,"column":19},"end":{"line":69,"column":20}},"loc":{"start":{"line":69,"column":25},"end":{"line":71,"column":9}},"line":69},"11":{"name":"(anonymous_11)","decl":{"start":{"line":73,"column":13},"end":{"line":73,"column":14}},"loc":{"start":{"line":73,"column":24},"end":{"line":79,"column":7}},"line":73},"12":{"name":"(anonymous_12)","decl":{"start":{"line":76,"column":19},"end":{"line":76,"column":20}},"loc":{"start":{"line":76,"column":25},"end":{"line":78,"column":9}},"line":76},"13":{"name":"(anonymous_13)","decl":{"start":{"line":82,"column":19},"end":{"line":82,"column":20}},"loc":{"start":{"line":82,"column":38},"end":{"line":100,"column":3}},"line":82},"14":{"name":"(anonymous_14)","decl":{"start":{"line":85,"column":12},"end":{"line":85,"column":13}},"loc":{"start":{"line":85,"column":26},"end":{"line":92,"column":7}},"line":85},"15":{"name":"(anonymous_15)","decl":{"start":{"line":86,"column":27},"end":{"line":86,"column":28}},"loc":{"start":{"line":86,"column":38},"end":{"line":86,"column":70}},"line":86},"16":{"name":"(anonymous_16)","decl":{"start":{"line":89,"column":19},"end":{"line":89,"column":20}},"loc":{"start":{"line":89,"column":25},"end":{"line":91,"column":9}},"line":89},"17":{"name":"(anonymous_17)","decl":{"start":{"line":93,"column":13},"end":{"line":93,"column":14}},"loc":{"start":{"line":93,"column":24},"end":{"line":99,"column":7}},"line":93},"18":{"name":"(anonymous_18)","decl":{"start":{"line":96,"column":19},"end":{"line":96,"column":20}},"loc":{"start":{"line":96,"column":25},"end":{"line":98,"column":9}},"line":96},"19":{"name":"(anonymous_19)","decl":{"start":{"line":102,"column":18},"end":{"line":102,"column":19}},"loc":{"start":{"line":102,"column":33},"end":{"line":124,"column":3}},"line":102},"20":{"name":"(anonymous_20)","decl":{"start":{"line":108,"column":14},"end":{"line":108,"column":15}},"loc":{"start":{"line":108,"column":20},"end":{"line":114,"column":9}},"line":108},"21":{"name":"(anonymous_21)","decl":{"start":{"line":110,"column":21},"end":{"line":110,"column":22}},"loc":{"start":{"line":110,"column":27},"end":{"line":112,"column":11}},"line":110},"22":{"name":"(anonymous_22)","decl":{"start":{"line":113,"column":32},"end":{"line":113,"column":33}},"loc":{"start":{"line":113,"column":39},"end":{"line":113,"column":50}},"line":113},"23":{"name":"(anonymous_23)","decl":{"start":{"line":115,"column":15},"end":{"line":115,"column":16}},"loc":{"start":{"line":115,"column":26},"end":{"line":122,"column":9}},"line":115},"24":{"name":"(anonymous_24)","decl":{"start":{"line":118,"column":21},"end":{"line":118,"column":22}},"loc":{"start":{"line":118,"column":27},"end":{"line":120,"column":11}},"line":118},"25":{"name":"(anonymous_25)","decl":{"start":{"line":121,"column":32},"end":{"line":121,"column":33}},"loc":{"start":{"line":121,"column":39},"end":{"line":121,"column":50}},"line":121},"26":{"name":"(anonymous_26)","decl":{"start":{"line":126,"column":20},"end":{"line":126,"column":21}},"loc":{"start":{"line":127,"column":4},"end":{"line":137,"column":10}},"line":127},"27":{"name":"(anonymous_27)","decl":{"start":{"line":140,"column":19},"end":{"line":140,"column":20}},"loc":{"start":{"line":141,"column":4},"end":{"line":147,"column":10}},"line":141},"28":{"name":"(anonymous_28)","decl":{"start":{"line":150,"column":33},"end":{"line":150,"column":34}},"loc":{"start":{"line":150,"column":49},"end":{"line":152,"column":3}},"line":150},"29":{"name":"(anonymous_29)","decl":{"start":{"line":171,"column":25},"end":{"line":171,"column":26}},"loc":{"start":{"line":172,"column":10},"end":{"line":178,"column":12}},"line":172}},"branchMap":{"0":{"loc":{"start":{"line":26,"column":4},"end":{"line":30,"column":5}},"type":"if","locations":[{"start":{"line":26,"column":4},"end":{"line":30,"column":5}},{"start":{"line":26,"column":4},"end":{"line":30,"column":5}}],"line":26},"1":{"loc":{"start":{"line":86,"column":38},"end":{"line":86,"column":70}},"type":"cond-expr","locations":[{"start":{"line":86,"column":55},"end":{"line":86,"column":59}},{"start":{"line":86,"column":62},"end":{"line":86,"column":70}}],"line":86},"2":{"loc":{"start":{"line":103,"column":4},"end":{"line":123,"column":5}},"type":"if","locations":[{"start":{"line":103,"column":4},"end":{"line":123,"column":5}},{"start":{"line":103,"column":4},"end":{"line":123,"column":5}}],"line":103},"3":{"loc":{"start":{"line":160,"column":7},"end":{"line":169,"column":7}},"type":"cond-expr","locations":[{"start":{"line":161,"column":8},"end":{"line":161,"column":19}},{"start":{"line":163,"column":8},"end":{"line":168,"column":14}}],"line":160}},"s":{"0":0,"1":0,"2":0,"3":0,"4":0,"5":0,"6":0,"7":0,"8":0,"9":0,"10":0,"11":0,"12":0,"13":0,"14":0,"15":0,"16":0,"17":0,"18":0,"19":0,"20":0,"21":0,"22":0,"23":0,"24":0,"25":0,"26":0,"27":0,"28":0,"29":0,"30":0,"31":0,"32":0,"33":0,"34":0,"35":0,"36":0,"37":0,"38":0,"39":0,"40":0,"41":0,"42":0,"43":0,"44":0,"45":0,"46":0,"47":0,"48":0,"49":0,"50":0,"51":0,"52":0,"53":0,"54":0,"55":0,"56":0,"57":0,"58":0,"59":0,"60":0,"61":0,"62":0,"63":0,"64":0,"65":0,"66":0,"67":0,"68":0,"69":0,"70":0,"71":0,"72":0,"73":0,"74":0,"75":0,"76":0,"77":0,"78":0,"79":0,"80":0,"81":0,"82":0},"f":{"0":0,"1":0,"2":0,"3":0,"4":0,"5":0,"6":0,"7":0,"8":0,"9":0,"10":0,"11":0,"12":0,"13":0,"14":0,"15":0,"16":0,"17":0,"18":0,"19":0,"20":0,"21":0,"22":0,"23":0,"24":0,"25":0,"26":0,"27":0,"28":0,"29":0},"b":{"0":[0,0],"1":[0,0],"2":[0,0],"3":[0,0]},"hash":"d1d21f7c584cdb18dea02bdce61486193734af9c"}
,"/Users/teemu/CodeProjects/FullStackOpen2020/Osa_5_blog_frontend/src/index.js": {"path":"/Users/teemu/CodeProjects/FullStackOpen2020/Osa_5_blog_frontend/src/index.js","statementMap":{"0":{"start":{"line":6,"column":0},"end":{"line":6,"column":58}}},"fnMap":{},"branchMap":{},"s":{"0":0},"f":{},"b":{},"hash":"83aaa83d028f3af2451c3fd15fcd6bf0386230a4"}
,"/Users/teemu/CodeProjects/FullStackOpen2020/Osa_5_blog_frontend/src/components/AddBlog.js": {"path":"/Users/teemu/CodeProjects/FullStackOpen2020/Osa_5_blog_frontend/src/components/AddBlog.js","statementMap":{"0":{"start":{"line":3,"column":16},"end":{"line":71,"column":1}},"1":{"start":{"line":4,"column":23},"end":{"line":4,"column":25}},"2":{"start":{"line":5,"column":34},"end":{"line":5,"column":56}},"3":{"start":{"line":6,"column":36},"end":{"line":6,"column":58}},"4":{"start":{"line":7,"column":30},"end":{"line":7,"column":52}},"5":{"start":{"line":9,"column":18},"end":{"line":20,"column":3}},"6":{"start":{"line":10,"column":4},"end":{"line":10,"column":23}},"7":{"start":{"line":11,"column":22},"end":{"line":15,"column":5}},"8":{"start":{"line":16,"column":4},"end":{"line":16,"column":26}},"9":{"start":{"line":17,"column":4},"end":{"line":17,"column":30}},"10":{"start":{"line":18,"column":4},"end":{"line":18,"column":31}},"11":{"start":{"line":19,"column":4},"end":{"line":19,"column":28}},"12":{"start":{"line":22,"column":28},"end":{"line":24,"column":3}},"13":{"start":{"line":23,"column":4},"end":{"line":23,"column":32}},"14":{"start":{"line":25,"column":29},"end":{"line":27,"column":3}},"15":{"start":{"line":26,"column":4},"end":{"line":26,"column":33}},"16":{"start":{"line":28,"column":26},"end":{"line":30,"column":3}},"17":{"start":{"line":29,"column":4},"end":{"line":29,"column":30}},"18":{"start":{"line":32,"column":2},"end":{"line":70,"column":4}}},"fnMap":{"0":{"name":"(anonymous_0)","decl":{"start":{"line":3,"column":16},"end":{"line":3,"column":17}},"loc":{"start":{"line":3,"column":36},"end":{"line":71,"column":1}},"line":3},"1":{"name":"(anonymous_1)","decl":{"start":{"line":9,"column":18},"end":{"line":9,"column":19}},"loc":{"start":{"line":9,"column":25},"end":{"line":20,"column":3}},"line":9},"2":{"name":"(anonymous_2)","decl":{"start":{"line":22,"column":28},"end":{"line":22,"column":29}},"loc":{"start":{"line":22,"column":35},"end":{"line":24,"column":3}},"line":22},"3":{"name":"(anonymous_3)","decl":{"start":{"line":25,"column":29},"end":{"line":25,"column":30}},"loc":{"start":{"line":25,"column":36},"end":{"line":27,"column":3}},"line":25},"4":{"name":"(anonymous_4)","decl":{"start":{"line":28,"column":26},"end":{"line":28,"column":27}},"loc":{"start":{"line":28,"column":33},"end":{"line":30,"column":3}},"line":28}},"branchMap":{},"s":{"0":1,"1":3,"2":3,"3":3,"4":3,"5":3,"6":1,"7":1,"8":1,"9":1,"10":1,"11":1,"12":3,"13":1,"14":3,"15":0,"16":3,"17":0,"18":3},"f":{"0":3,"1":1,"2":1,"3":0,"4":0},"b":{},"_coverageSchema":"43e27e138ebf9cfc5966b082cf9a028302ed4184","hash":"4d1cb558dedb9b019e252012de5b376afbb49562"}
,"/Users/teemu/CodeProjects/FullStackOpen2020/Osa_5_blog_frontend/src/components/Blog.js": {"path":"/Users/teemu/CodeProjects/FullStackOpen2020/Osa_5_blog_frontend/src/components/Blog.js","statementMap":{"0":{"start":{"line":5,"column":13},"end":{"line":65,"column":1}},"1":{"start":{"line":6,"column":20},"end":{"line":12,"column":3}},"2":{"start":{"line":14,"column":18},"end":{"line":20,"column":3}},"3":{"start":{"line":15,"column":22},"end":{"line":18,"column":5}},"4":{"start":{"line":19,"column":4},"end":{"line":19,"column":33}},"5":{"start":{"line":22,"column":2},"end":{"line":64,"column":4}},"6":{"start":{"line":54,"column":41},"end":{"line":54,"column":69}}},"fnMap":{"0":{"name":"(anonymous_0)","decl":{"start":{"line":5,"column":13},"end":{"line":5,"column":14}},"loc":{"start":{"line":5,"column":52},"end":{"line":65,"column":1}},"line":5},"1":{"name":"(anonymous_1)","decl":{"start":{"line":14,"column":18},"end":{"line":14,"column":19}},"loc":{"start":{"line":14,"column":24},"end":{"line":20,"column":3}},"line":14},"2":{"name":"(anonymous_2)","decl":{"start":{"line":54,"column":35},"end":{"line":54,"column":36}},"loc":{"start":{"line":54,"column":41},"end":{"line":54,"column":69}},"line":54}},"branchMap":{"0":{"loc":{"start":{"line":24,"column":7},"end":{"line":62,"column":7}},"type":"cond-expr","locations":[{"start":{"line":25,"column":8},"end":{"line":37,"column":14}},{"start":{"line":39,"column":8},"end":{"line":61,"column":14}}],"line":24},"1":{"loc":{"start":{"line":49,"column":15},"end":{"line":58,"column":15}},"type":"cond-expr","locations":[{"start":{"line":50,"column":16},"end":{"line":50,"column":18}},{"start":{"line":52,"column":16},"end":{"line":57,"column":22}}],"line":49}},"s":{"0":1,"1":2,"2":2,"3":2,"4":2,"5":2,"6":0},"f":{"0":2,"1":2,"2":0},"b":{"0":[0,2],"1":[2,0]},"_coverageSchema":"43e27e138ebf9cfc5966b082cf9a028302ed4184","hash":"f585273c7619895f5585655a87ecd2e8e58d581b"}
,"/Users/teemu/CodeProjects/FullStackOpen2020/Osa_5_blog_frontend/src/components/LoginForm.js": {"path":"/Users/teemu/CodeProjects/FullStackOpen2020/Osa_5_blog_frontend/src/components/LoginForm.js","statementMap":{"0":{"start":{"line":4,"column":18},"end":{"line":39,"column":1}},"1":{"start":{"line":11,"column":2},"end":{"line":38,"column":4}},"2":{"start":{"line":22,"column":38},"end":{"line":22,"column":63}},"3":{"start":{"line":31,"column":38},"end":{"line":31,"column":63}},"4":{"start":{"line":41,"column":0},"end":{"line":47,"column":2}}},"fnMap":{"0":{"name":"(anonymous_0)","decl":{"start":{"line":4,"column":18},"end":{"line":4,"column":19}},"loc":{"start":{"line":10,"column":6},"end":{"line":39,"column":1}},"line":10},"1":{"name":"(anonymous_1)","decl":{"start":{"line":22,"column":22},"end":{"line":22,"column":23}},"loc":{"start":{"line":22,"column":38},"end":{"line":22,"column":63}},"line":22},"2":{"name":"(anonymous_2)","decl":{"start":{"line":31,"column":22},"end":{"line":31,"column":23}},"loc":{"start":{"line":31,"column":38},"end":{"line":31,"column":63}},"line":31}},"branchMap":{},"s":{"0":0,"1":0,"2":0,"3":0,"4":0},"f":{"0":0,"1":0,"2":0},"b":{},"hash":"2c07ae875ce879b59f07a05ef45b9501cb62af9d"}
,"/Users/teemu/CodeProjects/FullStackOpen2020/Osa_5_blog_frontend/src/components/Notification.js": {"path":"/Users/teemu/CodeProjects/FullStackOpen2020/Osa_5_blog_frontend/src/components/Notification.js","statementMap":{"0":{"start":{"line":3,"column":21},"end":{"line":9,"column":1}},"1":{"start":{"line":4,"column":2},"end":{"line":6,"column":3}},"2":{"start":{"line":5,"column":4},"end":{"line":5,"column":16}},"3":{"start":{"line":8,"column":2},"end":{"line":8,"column":48}}},"fnMap":{"0":{"name":"(anonymous_0)","decl":{"start":{"line":3,"column":21},"end":{"line":3,"column":22}},"loc":{"start":{"line":3,"column":38},"end":{"line":9,"column":1}},"line":3}},"branchMap":{"0":{"loc":{"start":{"line":4,"column":2},"end":{"line":6,"column":3}},"type":"if","locations":[{"start":{"line":4,"column":2},"end":{"line":6,"column":3}},{"start":{"line":4,"column":2},"end":{"line":6,"column":3}}],"line":4}},"s":{"0":0,"1":0,"2":0,"3":0},"f":{"0":0},"b":{"0":[0,0]},"hash":"b7b8a180f50c6118a266b03b0278ced1f93f962e"}
,"/Users/teemu/CodeProjects/FullStackOpen2020/Osa_5_blog_frontend/src/components/Togglable.js": {"path":"/Users/teemu/CodeProjects/FullStackOpen2020/Osa_5_blog_frontend/src/components/Togglable.js","statementMap":{"0":{"start":{"line":4,"column":18},"end":{"line":32,"column":2}},"1":{"start":{"line":5,"column":32},"end":{"line":5,"column":47}},"2":{"start":{"line":7,"column":26},"end":{"line":7,"column":60}},"3":{"start":{"line":8,"column":26},"end":{"line":8,"column":60}},"4":{"start":{"line":10,"column":27},"end":{"line":12,"column":3}},"5":{"start":{"line":11,"column":4},"end":{"line":11,"column":25}},"6":{"start":{"line":14,"column":2},"end":{"line":18,"column":5}},"7":{"start":{"line":15,"column":4},"end":{"line":17,"column":6}},"8":{"start":{"line":20,"column":2},"end":{"line":31,"column":4}},"9":{"start":{"line":34,"column":0},"end":{"line":36,"column":2}},"10":{"start":{"line":38,"column":0},"end":{"line":38,"column":36}}},"fnMap":{"0":{"name":"(anonymous_0)","decl":{"start":{"line":4,"column":35},"end":{"line":4,"column":36}},"loc":{"start":{"line":4,"column":51},"end":{"line":32,"column":1}},"line":4},"1":{"name":"(anonymous_1)","decl":{"start":{"line":10,"column":27},"end":{"line":10,"column":28}},"loc":{"start":{"line":10,"column":33},"end":{"line":12,"column":3}},"line":10},"2":{"name":"(anonymous_2)","decl":{"start":{"line":14,"column":27},"end":{"line":14,"column":28}},"loc":{"start":{"line":14,"column":33},"end":{"line":18,"column":3}},"line":14}},"branchMap":{"0":{"loc":{"start":{"line":7,"column":37},"end":{"line":7,"column":58}},"type":"cond-expr","locations":[{"start":{"line":7,"column":47},"end":{"line":7,"column":53}},{"start":{"line":7,"column":56},"end":{"line":7,"column":58}}],"line":7},"1":{"loc":{"start":{"line":8,"column":37},"end":{"line":8,"column":58}},"type":"cond-expr","locations":[{"start":{"line":8,"column":47},"end":{"line":8,"column":49}},{"start":{"line":8,"column":52},"end":{"line":8,"column":58}}],"line":8}},"s":{"0":2,"1":9,"2":9,"3":9,"4":9,"5":3,"6":9,"7":0,"8":9,"9":2,"10":2},"f":{"0":9,"1":3,"2":0},"b":{"0":[2,7],"1":[2,7]},"_coverageSchema":"43e27e138ebf9cfc5966b082cf9a028302ed4184","hash":"46df2fe85fa4d90f02d777159bc67b752d9c97cd"}
,"/Users/teemu/CodeProjects/FullStackOpen2020/Osa_5_blog_frontend/src/services/blogs.js": {"path":"/Users/teemu/CodeProjects/FullStackOpen2020/Osa_5_blog_frontend/src/services/blogs.js","statementMap":{"0":{"start":{"line":2,"column":16},"end":{"line":2,"column":28}},"1":{"start":{"line":4,"column":12},"end":{"line":4,"column":16}},"2":{"start":{"line":6,"column":17},"end":{"line":8,"column":1}},"3":{"start":{"line":7,"column":2},"end":{"line":7,"column":31}},"4":{"start":{"line":10,"column":15},"end":{"line":13,"column":1}},"5":{"start":{"line":11,"column":18},"end":{"line":11,"column":36}},"6":{"start":{"line":12,"column":2},"end":{"line":12,"column":51}},"7":{"start":{"line":12,"column":36},"end":{"line":12,"column":49}},"8":{"start":{"line":15,"column":15},"end":{"line":21,"column":1}},"9":{"start":{"line":16,"column":17},"end":{"line":18,"column":3}},"10":{"start":{"line":19,"column":19},"end":{"line":19,"column":63}},"11":{"start":{"line":20,"column":2},"end":{"line":20,"column":23}},"12":{"start":{"line":23,"column":13},"end":{"line":29,"column":1}},"13":{"start":{"line":24,"column":17},"end":{"line":26,"column":3}},"14":{"start":{"line":27,"column":18},"end":{"line":27,"column":66}},"15":{"start":{"line":28,"column":2},"end":{"line":28,"column":51}},"16":{"start":{"line":28,"column":36},"end":{"line":28,"column":49}},"17":{"start":{"line":31,"column":19},"end":{"line":37,"column":1}},"18":{"start":{"line":32,"column":17},"end":{"line":34,"column":3}},"19":{"start":{"line":35,"column":18},"end":{"line":35,"column":58}},"20":{"start":{"line":36,"column":2},"end":{"line":36,"column":51}},"21":{"start":{"line":36,"column":36},"end":{"line":36,"column":49}}},"fnMap":{"0":{"name":"(anonymous_0)","decl":{"start":{"line":6,"column":17},"end":{"line":6,"column":18}},"loc":{"start":{"line":6,"column":31},"end":{"line":8,"column":1}},"line":6},"1":{"name":"(anonymous_1)","decl":{"start":{"line":10,"column":15},"end":{"line":10,"column":16}},"loc":{"start":{"line":10,"column":21},"end":{"line":13,"column":1}},"line":10},"2":{"name":"(anonymous_2)","decl":{"start":{"line":12,"column":22},"end":{"line":12,"column":23}},"loc":{"start":{"line":12,"column":36},"end":{"line":12,"column":49}},"line":12},"3":{"name":"(anonymous_3)","decl":{"start":{"line":15,"column":15},"end":{"line":15,"column":16}},"loc":{"start":{"line":15,"column":36},"end":{"line":21,"column":1}},"line":15},"4":{"name":"(anonymous_4)","decl":{"start":{"line":23,"column":13},"end":{"line":23,"column":14}},"loc":{"start":{"line":23,"column":32},"end":{"line":29,"column":1}},"line":23},"5":{"name":"(anonymous_5)","decl":{"start":{"line":28,"column":22},"end":{"line":28,"column":23}},"loc":{"start":{"line":28,"column":36},"end":{"line":28,"column":49}},"line":28},"6":{"name":"(anonymous_6)","decl":{"start":{"line":31,"column":19},"end":{"line":31,"column":20}},"loc":{"start":{"line":31,"column":27},"end":{"line":37,"column":1}},"line":31},"7":{"name":"(anonymous_7)","decl":{"start":{"line":36,"column":22},"end":{"line":36,"column":23}},"loc":{"start":{"line":36,"column":36},"end":{"line":36,"column":49}},"line":36}},"branchMap":{},"s":{"0":0,"1":0,"2":0,"3":0,"4":0,"5":0,"6":0,"7":0,"8":0,"9":0,"10":0,"11":0,"12":0,"13":0,"14":0,"15":0,"16":0,"17":0,"18":0,"19":0,"20":0,"21":0},"f":{"0":0,"1":0,"2":0,"3":0,"4":0,"5":0,"6":0,"7":0},"b":{},"hash":"ffc6877da60986cfbcf967c6f550cecd62f3b7bf"}
,"/Users/teemu/CodeProjects/FullStackOpen2020/Osa_5_blog_frontend/src/services/login.js": {"path":"/Users/teemu/CodeProjects/FullStackOpen2020/Osa_5_blog_frontend/src/services/login.js","statementMap":{"0":{"start":{"line":2,"column":16},"end":{"line":2,"column":28}},"1":{"start":{"line":4,"column":14},"end":{"line":7,"column":1}},"2":{"start":{"line":5,"column":19},"end":{"line":5,"column":57}},"3":{"start":{"line":6,"column":2},"end":{"line":6,"column":23}}},"fnMap":{"0":{"name":"(anonymous_0)","decl":{"start":{"line":4,"column":14},"end":{"line":4,"column":15}},"loc":{"start":{"line":4,"column":37},"end":{"line":7,"column":1}},"line":4}},"branchMap":{},"s":{"0":0,"1":0,"2":0,"3":0},"f":{"0":0},"b":{},"hash":"6d4ac3712e1c90f313b50c3cf5b7a76cad903ca5"}
}
