TN:
SF:/Users/teemu/CodeProjects/FullStackOpen2020/Osa_5_blog_frontend/src/App.js
FN:10,(anonymous_0)
FN:20,(anonymous_1)
FN:21,(anonymous_2)
FN:24,(anonymous_3)
FN:33,(anonymous_4)
FN:47,(anonymous_5)
FN:53,(anonymous_6)
FN:58,(anonymous_7)
FN:62,(anonymous_8)
FN:66,(anonymous_9)
FN:69,(anonymous_10)
FN:73,(anonymous_11)
FN:76,(anonymous_12)
FN:82,(anonymous_13)
FN:85,(anonymous_14)
FN:86,(anonymous_15)
FN:89,(anonymous_16)
FN:93,(anonymous_17)
FN:96,(anonymous_18)
FN:102,(anonymous_19)
FN:108,(anonymous_20)
FN:110,(anonymous_21)
FN:113,(anonymous_22)
FN:115,(anonymous_23)
FN:118,(anonymous_24)
FN:121,(anonymous_25)
FN:126,(anonymous_26)
FN:140,(anonymous_27)
FN:150,(anonymous_28)
FN:171,(anonymous_29)
FNF:30
FNH:0
FNDA:0,(anonymous_0)
FNDA:0,(anonymous_1)
FNDA:0,(anonymous_2)
FNDA:0,(anonymous_3)
FNDA:0,(anonymous_4)
FNDA:0,(anonymous_5)
FNDA:0,(anonymous_6)
FNDA:0,(anonymous_7)
FNDA:0,(anonymous_8)
FNDA:0,(anonymous_9)
FNDA:0,(anonymous_10)
FNDA:0,(anonymous_11)
FNDA:0,(anonymous_12)
FNDA:0,(anonymous_13)
FNDA:0,(anonymous_14)
FNDA:0,(anonymous_15)
FNDA:0,(anonymous_16)
FNDA:0,(anonymous_17)
FNDA:0,(anonymous_18)
FNDA:0,(anonymous_19)
FNDA:0,(anonymous_20)
FNDA:0,(anonymous_21)
FNDA:0,(anonymous_22)
FNDA:0,(anonymous_23)
FNDA:0,(anonymous_24)
FNDA:0,(anonymous_25)
FNDA:0,(anonymous_26)
FNDA:0,(anonymous_27)
FNDA:0,(anonymous_28)
FNDA:0,(anonymous_29)
DA:10,0
DA:11,0
DA:12,0
DA:13,0
DA:14,0
DA:15,0
DA:16,0
DA:17,0
DA:18,0
DA:20,0
DA:21,0
DA:24,0
DA:25,0
DA:26,0
DA:27,0
DA:28,0
DA:29,0
DA:33,0
DA:34,0
DA:35,0
DA:36,0
DA:40,0
DA:41,0
DA:42,0
DA:43,0
DA:44,0
DA:46,0
DA:47,0
DA:48,0
DA:53,0
DA:54,0
DA:55,0
DA:56,0
DA:57,0
DA:58,0
DA:59,0
DA:62,0
DA:63,0
DA:64,0
DA:67,0
DA:68,0
DA:69,0
DA:70,0
DA:74,0
DA:75,0
DA:76,0
DA:77,0
DA:82,0
DA:83,0
DA:86,0
DA:87,0
DA:88,0
DA:89,0
DA:90,0
DA:94,0
DA:95,0
DA:96,0
DA:97,0
DA:102,0
DA:103,0
DA:106,0
DA:109,0
DA:110,0
DA:111,0
DA:113,0
DA:116,0
DA:117,0
DA:118,0
DA:119,0
DA:121,0
DA:126,0
DA:127,0
DA:140,0
DA:141,0
DA:150,0
DA:151,0
DA:154,0
DA:172,0
LF:78
LH:0
BRDA:26,0,0,0
BRDA:26,0,1,0
BRDA:86,1,0,0
BRDA:86,1,1,0
BRDA:103,2,0,0
BRDA:103,2,1,0
BRDA:160,3,0,0
BRDA:160,3,1,0
BRF:8
BRH:0
end_of_record
TN:
SF:/Users/teemu/CodeProjects/FullStackOpen2020/Osa_5_blog_frontend/src/index.js
FNF:0
FNH:0
DA:6,0
LF:1
LH:0
BRF:0
BRH:0
end_of_record
TN:
SF:/Users/teemu/CodeProjects/FullStackOpen2020/Osa_5_blog_frontend/src/components/AddBlog.js
FN:3,(anonymous_0)
FN:9,(anonymous_1)
FN:22,(anonymous_2)
FN:25,(anonymous_3)
FN:28,(anonymous_4)
FNF:5
FNH:3
FNDA:3,(anonymous_0)
FNDA:1,(anonymous_1)
FNDA:1,(anonymous_2)
FNDA:0,(anonymous_3)
FNDA:0,(anonymous_4)
DA:3,1
DA:4,3
DA:5,3
DA:6,3
DA:7,3
DA:9,3
DA:10,1
DA:11,1
DA:16,1
DA:17,1
DA:18,1
DA:19,1
DA:22,3
DA:23,1
DA:25,3
DA:26,0
DA:28,3
DA:29,0
DA:32,3
LF:19
LH:17
BRF:0
BRH:0
end_of_record
TN:
SF:/Users/teemu/CodeProjects/FullStackOpen2020/Osa_5_blog_frontend/src/components/Blog.js
FN:5,(anonymous_0)
FN:14,(anonymous_1)
FN:54,(anonymous_2)
FNF:3
FNH:2
FNDA:2,(anonymous_0)
FNDA:2,(anonymous_1)
FNDA:0,(anonymous_2)
DA:5,1
DA:6,2
DA:14,2
DA:15,2
DA:19,2
DA:22,2
DA:54,0
LF:7
LH:6
BRDA:24,0,0,0
BRDA:24,0,1,2
BRDA:49,1,0,2
BRDA:49,1,1,0
BRF:4
BRH:2
end_of_record
TN:
SF:/Users/teemu/CodeProjects/FullStackOpen2020/Osa_5_blog_frontend/src/components/LoginForm.js
FN:4,(anonymous_0)
FN:22,(anonymous_1)
FN:31,(anonymous_2)
FNF:3
FNH:0
FNDA:0,(anonymous_0)
FNDA:0,(anonymous_1)
FNDA:0,(anonymous_2)
DA:4,0
DA:11,0
DA:22,0
DA:31,0
DA:41,0
LF:5
LH:0
BRF:0
BRH:0
end_of_record
TN:
SF:/Users/teemu/CodeProjects/FullStackOpen2020/Osa_5_blog_frontend/src/components/Notification.js
FN:3,(anonymous_0)
FNF:1
FNH:0
FNDA:0,(anonymous_0)
DA:3,0
DA:4,0
DA:5,0
DA:8,0
LF:4
LH:0
BRDA:4,0,0,0
BRDA:4,0,1,0
BRF:2
BRH:0
end_of_record
TN:
SF:/Users/teemu/CodeProjects/FullStackOpen2020/Osa_5_blog_frontend/src/components/Togglable.js
FN:4,(anonymous_0)
FN:10,(anonymous_1)
FN:14,(anonymous_2)
FNF:3
FNH:2
FNDA:9,(anonymous_0)
FNDA:3,(anonymous_1)
FNDA:0,(anonymous_2)
DA:4,2
DA:5,9
DA:7,9
DA:8,9
DA:10,9
DA:11,3
DA:14,9
DA:15,0
DA:20,9
DA:34,2
DA:38,2
LF:11
LH:10
BRDA:7,0,0,2
BRDA:7,0,1,7
BRDA:8,1,0,2
BRDA:8,1,1,7
BRF:4
BRH:4
end_of_record
TN:
SF:/Users/teemu/CodeProjects/FullStackOpen2020/Osa_5_blog_frontend/src/services/blogs.js
FN:6,(anonymous_0)
FN:10,(anonymous_1)
FN:12,(anonymous_2)
FN:15,(anonymous_3)
FN:23,(anonymous_4)
FN:28,(anonymous_5)
FN:31,(anonymous_6)
FN:36,(anonymous_7)
FNF:8
FNH:0
FNDA:0,(anonymous_0)
FNDA:0,(anonymous_1)
FNDA:0,(anonymous_2)
FNDA:0,(anonymous_3)
FNDA:0,(anonymous_4)
FNDA:0,(anonymous_5)
FNDA:0,(anonymous_6)
FNDA:0,(anonymous_7)
DA:2,0
DA:4,0
DA:6,0
DA:7,0
DA:10,0
DA:11,0
DA:12,0
DA:15,0
DA:16,0
DA:19,0
DA:20,0
DA:23,0
DA:24,0
DA:27,0
DA:28,0
DA:31,0
DA:32,0
DA:35,0
DA:36,0
LF:19
LH:0
BRF:0
BRH:0
end_of_record
TN:
SF:/Users/teemu/CodeProjects/FullStackOpen2020/Osa_5_blog_frontend/src/services/login.js
FN:4,(anonymous_0)
FNF:1
FNH:0
FNDA:0,(anonymous_0)
DA:2,0
DA:4,0
DA:5,0
DA:6,0
LF:4
LH:0
BRF:0
BRH:0
end_of_record
